[2019-12-17 19:08:57] START
[2019-12-17 19:37:10] CREATE basics.py: 0
[2019-12-17 19:38:15] EDIT pluralsight/controllers/basics.py: 4
[2019-12-17 19:38:23] EDIT pluralsight/controllers/basics.py: 0
[2019-12-17 19:39:05] CREATE basics/helloworld.html: 0
[2019-12-17 19:40:36] EDIT pluralsight/views/basics/helloworld.html: 2
[2019-12-17 19:42:13] EDIT pluralsight/views/basics/helloworld.html: 3
[2019-12-18 21:50:52] EDIT pluralsight/controllers/basics.py: 5
[2019-12-18 21:51:32] CREATE basics/request_args.html: 0
[2019-12-18 21:53:16] EDIT pluralsight/views/basics/request_args.html: 3
[2019-12-18 21:53:34] EDIT pluralsight/views/basics/request_args.html: 0
[2019-12-18 21:54:38] EDIT pluralsight/views/basics/request_args.html: -1
[2019-12-18 21:54:51] EDIT pluralsight/views/basics/request_args.html: 0
[2019-12-18 21:55:59] EDIT pluralsight/controllers/basics.py: 0
[2019-12-18 21:57:31] EDIT pluralsight/controllers/basics.py: 1
[2019-12-18 21:58:44] EDIT pluralsight/views/basics/request_args.html: 0
[2019-12-18 22:02:14] EDIT pluralsight/controllers/basics.py: 9
[2019-12-18 22:03:09] CREATE basic/request_vars.html: 0
[2019-12-18 22:05:02] EDIT pluralsight/views/basic/request_vars.html: 7
[2019-12-18 22:05:10] EDIT pluralsight/views/basic/request_vars.html: 0
[2019-12-18 22:09:33] EDIT pluralsight/controllers/basics.py: 0
[2019-12-18 22:10:02] EDIT pluralsight/views/basic/request_vars.html: 0
[2019-12-18 22:25:20] EDIT pluralsight/controllers/basics.py: 10
[2019-12-18 22:26:28] CREATE basics/request_object.html: 0
[2019-12-18 22:26:46] EDIT pluralsight/views/basics/request_object.html: 0
[2019-12-18 22:28:16] EDIT pluralsight/controllers/basics.py: 0
[2019-12-18 22:30:12] EDIT pluralsight/controllers/basics.py: 1
[2019-12-18 22:30:39] EDIT pluralsight/controllers/basics.py: 0
[2019-12-18 22:30:53] EDIT pluralsight/controllers/basics.py: 0
[2019-12-18 22:34:37] EDIT pluralsight/controllers/basics.py: 12
[2019-12-18 22:35:20] CREATE basics/random_number.html: 0
[2019-12-18 22:36:33] EDIT pluralsight/views/basics/random_number.html: 7
[2019-12-18 22:39:11] EDIT pluralsight/controllers/basics.py: 0
[2019-12-18 22:39:57] EDIT pluralsight/controllers/basics.py: 0
[2019-12-18 22:40:34] EDIT pluralsight/controllers/basics.py: 0
[2019-12-18 22:42:09] EDIT pluralsight/controllers/basics.py: 4
[2019-12-20 17:55:06] EDIT pluralsight/models/db.py: 6
[2019-12-20 18:01:53] EDIT pluralsight/models/db.py: 1
[2019-12-20 18:02:19] EDIT pluralsight/models/db.py: 0
[2019-12-20 18:02:32] EDIT pluralsight/models/db.py: -1
[2019-12-20 21:27:59] EDIT pluralsight/models/db.py: 0
[2019-12-20 21:39:41] CREATE blog.py: 0
[2019-12-20 21:40:49] EDIT pluralsight/controllers/blog.py: 3
[2019-12-20 21:41:41] EDIT pluralsight/controllers/blog.py: 3
[2019-12-20 21:42:26] EDIT pluralsight/controllers/blog.py: 0
[2019-12-20 21:43:32] CREATE blog/post.html: 0
[2019-12-20 21:44:19] EDIT pluralsight/views/blog/post.html: 0
[2019-12-20 22:48:58] EDIT pluralsight/controllers/blog.py: 7
[2019-12-20 22:56:13] EDIT pluralsight/controllers/blog.py: 3
[2019-12-20 22:59:50] EDIT pluralsight/controllers/blog.py: 8
[2019-12-20 23:03:13] CREATE blog/update.html: 0
[2019-12-20 23:04:06] EDIT pluralsight/views/blog/update.html: 0
[2019-12-20 23:08:50] EDIT pluralsight/controllers/blog.py: 0
[2019-12-20 23:09:16] CREATE blog/view.html: 0
[2019-12-20 23:14:18] EDIT pluralsight/views/blog/view.html: 20
[2019-12-20 23:27:47] EDIT pluralsight/views/blog/view.html: 1
[2019-12-20 23:28:08] EDIT pluralsight/views/blog/view.html: 0
[2019-12-21 00:20:29] EDIT pluralsight/models/db.py: 14
[2019-12-21 00:26:47] EDIT pluralsight/models/db.py: 0
[2019-12-21 00:27:34] EDIT pluralsight/models/db.py: 0
[2019-12-21 00:28:39] EDIT pluralsight/models/db.py: 0
[2019-12-22 19:28:27] EDIT pluralsight/models/db.py: 0
[2019-12-22 19:34:21] CREATE contacts.py: 0
[2019-12-22 19:35:03] EDIT pluralsight/controllers/contacts.py: 3
[2019-12-22 19:39:04] EDIT pluralsight/controllers/contacts.py: 0
[2020-01-05 22:04:13] EDIT pluralsight/controllers/contacts.py: 7
[2020-01-05 22:04:42] EDIT pluralsight/controllers/contacts.py: 0
[2020-01-05 22:04:52] EDIT pluralsight/controllers/contacts.py: 0
[2020-01-05 22:13:03] EDIT pluralsight/controllers/contacts.py: 0
[2020-01-05 22:13:51] EDIT pluralsight/controllers/contacts.py: 0
[2020-01-05 22:15:27] EDIT pluralsight/controllers/contacts.py: 1
[2020-01-05 22:16:39] EDIT pluralsight/controllers/contacts.py: 0
[2020-01-05 22:18:00] EDIT pluralsight/controllers/contacts.py: 0
[2020-01-05 22:18:27] EDIT pluralsight/controllers/contacts.py: 0
[2020-01-05 22:19:36] EDIT pluralsight/controllers/contacts.py: 0
[2020-01-05 22:20:46] EDIT pluralsight/controllers/contacts.py: 0
[2020-01-05 22:21:17] EDIT pluralsight/controllers/contacts.py: 0
[2020-01-05 22:22:16] EDIT pluralsight/controllers/contacts.py: 0
[2020-01-05 22:26:55] EDIT pluralsight/controllers/contacts.py: 2
[2020-01-05 22:27:38] EDIT pluralsight/controllers/contacts.py: 0
[2020-01-05 22:28:08] EDIT pluralsight/controllers/contacts.py: 0
[2020-01-05 22:31:23] EDIT pluralsight/controllers/contacts.py: 2
[2020-01-05 22:32:06] EDIT pluralsight/controllers/contacts.py: 0
[2020-01-05 22:36:31] CREATE contacts/add.html: 0
[2020-01-05 22:37:42] EDIT pluralsight/views/contacts/add.html: 0
[2020-01-05 22:38:43] EDIT pluralsight/controllers/contacts.py: 3
[2020-01-05 22:39:10] EDIT pluralsight/controllers/contacts.py: 0
[2020-01-05 22:42:48] EDIT pluralsight/controllers/contacts.py: 8
[2020-01-05 22:43:05] EDIT pluralsight/controllers/contacts.py: 0
[2020-01-05 22:43:31] EDIT pluralsight/controllers/contacts.py: 0
[2020-01-05 23:00:18] CREATE contacts/views.html: 0
[2020-01-05 23:07:02] EDIT pluralsight/views/contacts/views.html: 14
[2020-01-05 23:12:23] EDIT pluralsight/views/contacts/views.html: 0
[2020-01-05 23:14:30] CREATE contacts/view.html: 0
[2020-01-05 23:14:48] EDIT pluralsight/views/contacts/view.html: 14
[2020-01-05 23:15:25] DELETE pluralsight/views/contacts/views.html: -17
[2020-01-05 23:21:41] EDIT pluralsight/views/contacts/view.html: 0
[2020-01-05 23:23:44] EDIT pluralsight/views/contacts/view.html: 0
[2020-01-05 23:24:41] EDIT pluralsight/views/contacts/view.html: 0
[2020-01-05 23:25:04] EDIT pluralsight/views/contacts/view.html: 0
[2020-01-05 23:26:49] EDIT pluralsight/views/contacts/view.html: 1
[2020-01-05 23:26:51] EDIT pluralsight/views/contacts/view.html: 0
[2020-01-05 23:32:47] EDIT pluralsight/views/contacts/view.html: 4
[2020-01-05 23:39:44] EDIT pluralsight/views/contacts/view.html: 0
[2020-01-05 23:40:05] EDIT pluralsight/views/contacts/view.html: 0
[2020-01-05 23:43:00] EDIT pluralsight/views/contacts/view.html: 0
[2020-01-05 23:45:35] EDIT pluralsight/views/contacts/view.html: 1
[2020-01-05 23:51:27] EDIT pluralsight/controllers/contacts.py: 8
[2020-01-05 23:51:51] EDIT pluralsight/controllers/contacts.py: 0
[2020-01-05 23:52:56] EDIT pluralsight/controllers/contacts.py: 0
[2020-01-05 23:53:17] EDIT pluralsight/controllers/contacts.py: 0
[2020-01-05 23:54:17] CREATE contacts/update.html: 0
[2020-01-05 23:58:56] EDIT pluralsight/views/contacts/update.html: 0
